<?xml version="1.0" encoding="UTF-8"?>
<!-- Generated by org.testng.reporters.JUnitXMLReporter -->
<testsuite hostname="rivi-PC" ignored="0" name="Default test" tests="4" failures="0" timestamp="22 mar 2017 15:12:39 GMT" time="4.121" errors="0">
  <testcase name="testPageTitleSampleB" time="0.648" classname="com.test.TestB"/>
  <testcase name="testSampleOne" time="0.001" classname="com.test.TestB"/>
  <testcase name="testSampleThree" time="0.003" classname="com.test.TestB"/>
  <testcase name="testSampleTwo" time="0.001" classname="com.test.TestB"/>
</testsuite> <!-- Default test -->
