<?xml version="1.0" encoding="UTF-8"?>
<!-- Generated by org.testng.reporters.JUnitXMLReporter -->
<testsuite hostname="rivi-PC" name="TestNG Test Group" tests="7" failures="0" timestamp="22 Mar 2017 15:13:47 GMT" time="9.304" errors="0">
  <testcase name="testPageTitleSampleA" time="0.84" classname="com.test.TestA"/>
  <testcase name="testSampleThree" time="0.0" classname="com.test.TestA"/>
  <testcase name="testSampleTwo" time="0.0" classname="com.test.TestA"/>
  <testcase name="testPageTitleSampleB" time="0.574" classname="com.test.TestB"/>
  <testcase name="testSampleOne" time="0.0" classname="com.test.TestB"/>
  <testcase name="testSampleThree" time="0.0" classname="com.test.TestB"/>
  <testcase name="testSampleTwo" time="0.0" classname="com.test.TestB"/>
</testsuite> <!-- TestNG Test Group -->
